<?xml version="1.0" encoding="UTF-8"?>
<!-- Generated by org.testng.reporters.JUnitXMLReporter -->
<testsuite hostname="Elions-MacBook-Pro.local" ignored="1" name="Default test" tests="3" failures="0" timestamp="16 Jan 2020 14:45:19 GMT" time="34.873" errors="0">
  <testcase name="savePersonalDetailsWithData" time="7.848" classname="com.reviewTestNG.EmployeeDetails"/>
  <testcase name="savePersonalDetailsWithData" time="7.236" classname="com.reviewTestNG.EmployeeDetails"/>
  <testcase name="savePersonalDetailsWithData" time="8.201" classname="com.reviewTestNG.EmployeeDetails"/>
  <testcase name="savePersonalDetails" time="0.0" classname="com.reviewTestNG.EmployeeDetails">
    <ignored/>
  </testcase> <!-- savePersonalDetails -->
</testsuite> <!-- Default test -->
