<?xml version="1.0" encoding="UTF-8"?>
<testng-results skipped="0" failed="0" ignored="1" total="4" passed="3">
  <reporter-output>
  </reporter-output>
  <suite name="Default suite" duration-ms="34873" started-at="2020-01-16T14:44:44Z" finished-at="2020-01-16T14:45:19Z">
    <groups>
    </groups>
    <test name="Default test" duration-ms="34873" started-at="2020-01-16T14:44:44Z" finished-at="2020-01-16T14:45:19Z">
      <class name="com.reviewTestNG.EmployeeDetails">
        <test-method status="PASS" signature="beforeClass()[pri:0, instance:com.reviewTestNG.EmployeeDetails@2b98378d]" name="beforeClass" is-config="true" duration-ms="4359" started-at="2020-01-16T14:44:44Z" finished-at="2020-01-16T14:44:48Z">
          <reporter-output>
          </reporter-output>
        </test-method> <!-- beforeClass -->
        <test-method status="PASS" signature="beforeMethod()[pri:0, instance:com.reviewTestNG.EmployeeDetails@2b98378d]" name="beforeMethod" is-config="true" duration-ms="833" started-at="2020-01-16T14:44:48Z" finished-at="2020-01-16T14:44:49Z">
          <reporter-output>
          </reporter-output>
        </test-method> <!-- beforeMethod -->
        <test-method status="PASS" signature="savePersonalDetailsWithData(java.lang.String, java.lang.String, java.lang.String, java.lang.String, java.lang.String, java.lang.String)[pri:0, instance:com.reviewTestNG.EmployeeDetails@2b98378d]" name="savePersonalDetailsWithData" duration-ms="7848" started-at="2020-01-16T14:44:49Z" data-provider="getIdAndData" finished-at="2020-01-16T14:44:57Z">
          <params>
            <param index="0">
              <value>
                <![CDATA[3422]]>
              </value>
            </param>
            <param index="1">
              <value>
                <![CDATA[F]]>
              </value>
            </param>
            <param index="2">
              <value>
                <![CDATA[Single]]>
              </value>
            </param>
            <param index="3">
              <value>
                <![CDATA[1975]]>
              </value>
            </param>
            <param index="4">
              <value>
                <![CDATA[4]]>
              </value>
            </param>
            <param index="5">
              <value>
                <![CDATA[18]]>
              </value>
            </param>
          </params>
          <reporter-output>
          </reporter-output>
        </test-method> <!-- savePersonalDetailsWithData -->
        <test-method status="PASS" signature="beforeMethod()[pri:0, instance:com.reviewTestNG.EmployeeDetails@2b98378d]" name="beforeMethod" is-config="true" duration-ms="728" started-at="2020-01-16T14:44:57Z" finished-at="2020-01-16T14:44:57Z">
          <reporter-output>
          </reporter-output>
        </test-method> <!-- beforeMethod -->
        <test-method status="PASS" signature="savePersonalDetailsWithData(java.lang.String, java.lang.String, java.lang.String, java.lang.String, java.lang.String, java.lang.String)[pri:0, instance:com.reviewTestNG.EmployeeDetails@2b98378d]" name="savePersonalDetailsWithData" duration-ms="7236" started-at="2020-01-16T14:44:57Z" data-provider="getIdAndData" finished-at="2020-01-16T14:45:05Z">
          <params>
            <param index="0">
              <value>
                <![CDATA[3478]]>
              </value>
            </param>
            <param index="1">
              <value>
                <![CDATA[M]]>
              </value>
            </param>
            <param index="2">
              <value>
                <![CDATA[Married]]>
              </value>
            </param>
            <param index="3">
              <value>
                <![CDATA[1990]]>
              </value>
            </param>
            <param index="4">
              <value>
                <![CDATA[9]]>
              </value>
            </param>
            <param index="5">
              <value>
                <![CDATA[25]]>
              </value>
            </param>
          </params>
          <reporter-output>
          </reporter-output>
        </test-method> <!-- savePersonalDetailsWithData -->
        <test-method status="PASS" signature="beforeMethod()[pri:0, instance:com.reviewTestNG.EmployeeDetails@2b98378d]" name="beforeMethod" is-config="true" duration-ms="535" started-at="2020-01-16T14:45:05Z" finished-at="2020-01-16T14:45:05Z">
          <reporter-output>
          </reporter-output>
        </test-method> <!-- beforeMethod -->
        <test-method status="PASS" signature="savePersonalDetailsWithData(java.lang.String, java.lang.String, java.lang.String, java.lang.String, java.lang.String, java.lang.String)[pri:0, instance:com.reviewTestNG.EmployeeDetails@2b98378d]" name="savePersonalDetailsWithData" duration-ms="8201" started-at="2020-01-16T14:45:05Z" data-provider="getIdAndData" finished-at="2020-01-16T14:45:13Z">
          <params>
            <param index="0">
              <value>
                <![CDATA[3466]]>
              </value>
            </param>
            <param index="1">
              <value>
                <![CDATA[M]]>
              </value>
            </param>
            <param index="2">
              <value>
                <![CDATA[Single]]>
              </value>
            </param>
            <param index="3">
              <value>
                <![CDATA[2010]]>
              </value>
            </param>
            <param index="4">
              <value>
                <![CDATA[10]]>
              </value>
            </param>
            <param index="5">
              <value>
                <![CDATA[25]]>
              </value>
            </param>
          </params>
          <reporter-output>
          </reporter-output>
        </test-method> <!-- savePersonalDetailsWithData -->
        <test-method status="PASS" signature="afterClass()[pri:0, instance:com.reviewTestNG.EmployeeDetails@2b98378d]" name="afterClass" is-config="true" duration-ms="5114" started-at="2020-01-16T14:45:13Z" finished-at="2020-01-16T14:45:19Z">
          <reporter-output>
          </reporter-output>
        </test-method> <!-- afterClass -->
      </class> <!-- com.reviewTestNG.EmployeeDetails -->
    </test> <!-- Default test -->
  </suite> <!-- Default suite -->
</testng-results>
